elevatorno2library/build/outputs/logs/manifest-merger-debug-report.txt
-- Merging decision tree log ---
manifest
ADDED from src\main\AndroidManifest.xml:2:1-56:12
INJECTED from src\main\AndroidManifest.xml:2:1-56:12
INJECTED from src\main\AndroidManifest.xml:2:1-56:12
INJECTED from src\main\AndroidManifest.xml:2:1-56:12
INJECTED from src\main\AndroidManifest.xml:2:1-56:12
INJECTED from src\main\AndroidManifest.xml:2:1-56:12
INJECTED from src\main\AndroidManifest.xml:2:1-56:12
	package
		ADDED from src\main\AndroidManifest.xml:4:5-44
		INJECTED from src\main\AndroidManifest.xml
		INJECTED from src\main\AndroidManifest.xml
	android:versionName
		INJECTED from src\main\AndroidManifest.xml
		ADDED from src\main\AndroidManifest.xml:2:1-56:12
		INJECTED from src\main\AndroidManifest.xml
	xmlns:tools
		ADDED from src\main\AndroidManifest.xml:3:5-51
	android:versionCode
		INJECTED from src\main\AndroidManifest.xml
		ADDED from src\main\AndroidManifest.xml:2:1-56:12
		INJECTED from src\main\AndroidManifest.xml
	xmlns:android
		ADDED from src\main\AndroidManifest.xml:2:11-69
application
ADDED from src\main\AndroidManifest.xml:6:5-54:19
	android:appComponentFactory
		ADDED from src\main\AndroidManifest.xml:7:9-55
	tools:replace
		ADDED from src\main\AndroidManifest.xml:8:9-52
activity#com.sindom.elevatorno2library.activity.MaintenanceDetailActivity
ADDED from src\main\AndroidManifest.xml:9:9-81
	android:name
		ADDED from src\main\AndroidManifest.xml:9:19-69
activity#com.sindom.elevatorno2library.activity.fund.AcceptanceActivity
ADDED from src\main\AndroidManifest.xml:10:9-13:67
	android:windowSoftInputMode
		ADDED from src\main\AndroidManifest.xml:13:13-64
	android:configChanges
		ADDED from src\main\AndroidManifest.xml:12:13-81
	android:name
		ADDED from src\main\AndroidManifest.xml:11:13-61
activity#com.sindom.elevatorno2library.activity.fund.SignActivity
ADDED from src\main\AndroidManifest.xml:14:9-17:67
	android:windowSoftInputMode
		ADDED from src\main\AndroidManifest.xml:17:13-64
	android:configChanges
		ADDED from src\main\AndroidManifest.xml:16:13-81
	android:name
		ADDED from src\main\AndroidManifest.xml:15:13-55
activity#com.sindom.elevatorno2library.activity.fund.SurveySignActivity
ADDED from src\main\AndroidManifest.xml:18:9-21:67
	android:windowSoftInputMode
		ADDED from src\main\AndroidManifest.xml:21:13-64
	android:configChanges
		ADDED from src\main\AndroidManifest.xml:20:13-81
	android:name
		ADDED from src\main\AndroidManifest.xml:19:13-61
activity#com.sindom.elevatorno2library.activity.fund.ElevatorSurveyActivity
ADDED from src\main\AndroidManifest.xml:22:9-25:67
	android:windowSoftInputMode
		ADDED from src\main\AndroidManifest.xml:25:13-64
	android:configChanges
		ADDED from src\main\AndroidManifest.xml:24:13-81
	android:name
		ADDED from src\main\AndroidManifest.xml:23:13-65
activity#com.sindom.elevatorno2library.activity.fund.BudgetBookActivity
ADDED from src\main\AndroidManifest.xml:26:9-29:67
	android:windowSoftInputMode
		ADDED from src\main\AndroidManifest.xml:29:13-64
	android:configChanges
		ADDED from src\main\AndroidManifest.xml:28:13-81
	android:name
		ADDED from src\main\AndroidManifest.xml:27:13-61
activity#com.sindom.elevatorno2library.activity.fund.ElevatorDetailActivity
ADDED from src\main\AndroidManifest.xml:30:9-33:67
	android:windowSoftInputMode
		ADDED from src\main\AndroidManifest.xml:33:13-64
	android:configChanges
		ADDED from src\main\AndroidManifest.xml:32:13-81
	android:name
		ADDED from src\main\AndroidManifest.xml:31:13-65
activity#com.sindom.elevatorno2library.activity.fund.ApplyFundActivity
ADDED from src\main\AndroidManifest.xml:34:9-37:67
	android:windowSoftInputMode
		ADDED from src\main\AndroidManifest.xml:37:13-64
	android:configChanges
		ADDED from src\main\AndroidManifest.xml:36:13-81
	android:name
		ADDED from src\main\AndroidManifest.xml:35:13-60
activity#com.sindom.elevatorno2library.activity.MaintenanceListActivity
ADDED from src\main\AndroidManifest.xml:38:9-41:67
	android:windowSoftInputMode
		ADDED from src\main\AndroidManifest.xml:41:13-64
	android:configChanges
		ADDED from src\main\AndroidManifest.xml:40:13-81
	android:name
		ADDED from src\main\AndroidManifest.xml:39:13-61
activity#com.sindom.elevatorno2library.activity.ElevatorCalendarActivity
ADDED from src\main\AndroidManifest.xml:42:9-45:67
	android:windowSoftInputMode
		ADDED from src\main\AndroidManifest.xml:45:13-64
	android:configChanges
		ADDED from src\main\AndroidManifest.xml:44:13-81
	android:name
		ADDED from src\main\AndroidManifest.xml:43:13-62
activity#com.sindom.elevatorno2library.activity.ElevatorMaintenanceActivity
ADDED from src\main\AndroidManifest.xml:46:9-49:67
	android:windowSoftInputMode
		ADDED from src\main\AndroidManifest.xml:49:13-64
	android:configChanges
		ADDED from src\main\AndroidManifest.xml:48:13-81
	android:name
		ADDED from src\main\AndroidManifest.xml:47:13-65
activity#com.sindom.elevatorno2library.activity.fund.ElevatorFundActivity
ADDED from src\main\AndroidManifest.xml:50:9-53:67
	android:windowSoftInputMode
		ADDED from src\main\AndroidManifest.xml:53:13-64
	android:configChanges
		ADDED from src\main\AndroidManifest.xml:52:13-81
	android:name
		ADDED from src\main\AndroidManifest.xml:51:13-63
uses-sdk
INJECTED from src\main\AndroidManifest.xml reason: use-sdk injection requested
INJECTED from src\main\AndroidManifest.xml
INJECTED from src\main\AndroidManifest.xml
INJECTED from src\main\AndroidManifest.xml
INJECTED from src\main\AndroidManifest.xml
	android:targetSdkVersion
		INJECTED from src\main\AndroidManifest.xml
		ADDED from src\main\AndroidManifest.xml
		INJECTED from src\main\AndroidManifest.xml
	android:minSdkVersion
		INJECTED from src\main\AndroidManifest.xml
		ADDED from src\main\AndroidManifest.xml
		INJECTED from src\main\AndroidManifest.xml